<?xml version="1.0" encoding="UTF-8"?>
<testsuite name="SILab2Test" tests="2" skipped="0" failures="0" errors="0" timestamp="2024-05-25T12:46:07" hostname="DESKTOP-CBUDPDS" time="0.035">
  <properties/>
  <testcase name="testCheckCartEveryBranch()" classname="SILab2Test" time="0.031"/>
  <testcase name="testCheckCartMultipleCondition()" classname="SILab2Test" time="0.001"/>
  <system-out><![CDATA[]]></system-out>
  <system-err><![CDATA[]]></system-err>
</testsuite>
